[2026-01-06T13:00:41.830+0000] {taskinstance.py:1956} INFO - Dependencies all met for dep_context=non-requeueable deps ti=<TaskInstance: meteo_logs_collection.fetch_meteo_logs scheduled__2026-01-06T11:00:00+00:00 [queued]>
[2026-01-06T13:00:41.837+0000] {taskinstance.py:1956} INFO - Dependencies all met for dep_context=requeueable deps ti=<TaskInstance: meteo_logs_collection.fetch_meteo_logs scheduled__2026-01-06T11:00:00+00:00 [queued]>
[2026-01-06T13:00:41.837+0000] {taskinstance.py:2170} INFO - Starting attempt 2 of 2
[2026-01-06T13:00:41.854+0000] {taskinstance.py:2191} INFO - Executing <Task(PythonOperator): fetch_meteo_logs> on 2026-01-06 11:00:00+00:00
[2026-01-06T13:00:41.860+0000] {standard_task_runner.py:60} INFO - Started process 57 to run task
[2026-01-06T13:00:41.863+0000] {standard_task_runner.py:87} INFO - Running: ['***', 'tasks', 'run', 'meteo_logs_collection', 'fetch_meteo_logs', 'scheduled__2026-01-06T11:00:00+00:00', '--job-id', '5', '--raw', '--subdir', 'DAGS_FOLDER/meteo_logs_dag.py', '--cfg-path', '/tmp/tmp7facsxz5']
[2026-01-06T13:00:41.864+0000] {standard_task_runner.py:88} INFO - Job 5: Subtask fetch_meteo_logs
[2026-01-06T13:00:41.918+0000] {task_command.py:423} INFO - Running <TaskInstance: meteo_logs_collection.fetch_meteo_logs scheduled__2026-01-06T11:00:00+00:00 [running]> on host 5aaeb371bf32
[2026-01-06T13:00:41.993+0000] {taskinstance.py:2480} INFO - Exporting env vars: AIRFLOW_CTX_DAG_OWNER='***' AIRFLOW_CTX_DAG_ID='meteo_logs_collection' AIRFLOW_CTX_TASK_ID='fetch_meteo_logs' AIRFLOW_CTX_EXECUTION_DATE='2026-01-06T11:00:00+00:00' AIRFLOW_CTX_TRY_NUMBER='2' AIRFLOW_CTX_DAG_RUN_ID='scheduled__2026-01-06T11:00:00+00:00'
[2026-01-06T13:00:41.996+0000] {taskinstance.py:2698} ERROR - Task failed with exception
Traceback (most recent call last):
  File "/home/airflow/.local/lib/python3.11/site-packages/airflow/models/taskinstance.py", line 433, in _execute_task
    result = execute_callable(context=context, **execute_callable_kwargs)
             ^^^^^^^^^^^^^^^^^^^^^^^^^^^^^^^^^^^^^^^^^^^^^^^^^^^^^^^^^^^^
  File "/home/airflow/.local/lib/python3.11/site-packages/airflow/operators/python.py", line 199, in execute
    return_value = self.execute_callable()
                   ^^^^^^^^^^^^^^^^^^^^^^^
  File "/home/airflow/.local/lib/python3.11/site-packages/airflow/operators/python.py", line 216, in execute_callable
    return self.python_callable(*self.op_args, **self.op_kwargs)
           ^^^^^^^^^^^^^^^^^^^^^^^^^^^^^^^^^^^^^^^^^^^^^^^^^^^^^
  File "/opt/airflow/dags/meteo_logs_dag.py", line 10, in run_meteo_script
    from meteo_script import MeteoAPI
ModuleNotFoundError: No module named 'meteo_script'
[2026-01-06T13:00:42.011+0000] {taskinstance.py:1138} INFO - Marking task as FAILED. dag_id=meteo_logs_collection, task_id=fetch_meteo_logs, execution_date=20260106T110000, start_date=20260106T130041, end_date=20260106T130042
[2026-01-06T13:00:42.024+0000] {standard_task_runner.py:107} ERROR - Failed to execute job 5 for task fetch_meteo_logs (No module named 'meteo_script'; 57)
[2026-01-06T13:00:42.035+0000] {local_task_job_runner.py:234} INFO - Task exited with return code 1
[2026-01-06T13:00:42.052+0000] {taskinstance.py:3280} INFO - 0 downstream tasks scheduled from follow-on schedule check
