[2026-01-06T12:55:40.370+0000] {taskinstance.py:1956} INFO - Dependencies all met for dep_context=non-requeueable deps ti=<TaskInstance: meteo_logs_collection.fetch_meteo_logs scheduled__2026-01-06T11:00:00+00:00 [queued]>
[2026-01-06T12:55:40.377+0000] {taskinstance.py:1956} INFO - Dependencies all met for dep_context=requeueable deps ti=<TaskInstance: meteo_logs_collection.fetch_meteo_logs scheduled__2026-01-06T11:00:00+00:00 [queued]>
[2026-01-06T12:55:40.377+0000] {taskinstance.py:2170} INFO - Starting attempt 1 of 2
[2026-01-06T12:55:40.389+0000] {taskinstance.py:2191} INFO - Executing <Task(PythonOperator): fetch_meteo_logs> on 2026-01-06 11:00:00+00:00
[2026-01-06T12:55:40.394+0000] {standard_task_runner.py:60} INFO - Started process 53 to run task
[2026-01-06T12:55:40.396+0000] {standard_task_runner.py:87} INFO - Running: ['***', 'tasks', 'run', 'meteo_logs_collection', 'fetch_meteo_logs', 'scheduled__2026-01-06T11:00:00+00:00', '--job-id', '3', '--raw', '--subdir', 'DAGS_FOLDER/meteo_logs_dag.py', '--cfg-path', '/tmp/tmp8odua4mk']
[2026-01-06T12:55:40.398+0000] {standard_task_runner.py:88} INFO - Job 3: Subtask fetch_meteo_logs
[2026-01-06T12:55:40.444+0000] {task_command.py:423} INFO - Running <TaskInstance: meteo_logs_collection.fetch_meteo_logs scheduled__2026-01-06T11:00:00+00:00 [running]> on host 5aaeb371bf32
[2026-01-06T12:55:40.511+0000] {taskinstance.py:2480} INFO - Exporting env vars: AIRFLOW_CTX_DAG_OWNER='***' AIRFLOW_CTX_DAG_ID='meteo_logs_collection' AIRFLOW_CTX_TASK_ID='fetch_meteo_logs' AIRFLOW_CTX_EXECUTION_DATE='2026-01-06T11:00:00+00:00' AIRFLOW_CTX_TRY_NUMBER='1' AIRFLOW_CTX_DAG_RUN_ID='scheduled__2026-01-06T11:00:00+00:00'
[2026-01-06T12:55:40.514+0000] {taskinstance.py:2698} ERROR - Task failed with exception
Traceback (most recent call last):
  File "/home/airflow/.local/lib/python3.11/site-packages/airflow/models/taskinstance.py", line 433, in _execute_task
    result = execute_callable(context=context, **execute_callable_kwargs)
             ^^^^^^^^^^^^^^^^^^^^^^^^^^^^^^^^^^^^^^^^^^^^^^^^^^^^^^^^^^^^
  File "/home/airflow/.local/lib/python3.11/site-packages/airflow/operators/python.py", line 199, in execute
    return_value = self.execute_callable()
                   ^^^^^^^^^^^^^^^^^^^^^^^
  File "/home/airflow/.local/lib/python3.11/site-packages/airflow/operators/python.py", line 216, in execute_callable
    return self.python_callable(*self.op_args, **self.op_kwargs)
           ^^^^^^^^^^^^^^^^^^^^^^^^^^^^^^^^^^^^^^^^^^^^^^^^^^^^^
  File "/opt/airflow/dags/meteo_logs_dag.py", line 10, in run_meteo_script
    from meteo_script import MeteoAPI
ModuleNotFoundError: No module named 'meteo_script'
[2026-01-06T12:55:40.524+0000] {taskinstance.py:1138} INFO - Marking task as UP_FOR_RETRY. dag_id=meteo_logs_collection, task_id=fetch_meteo_logs, execution_date=20260106T110000, start_date=20260106T125540, end_date=20260106T125540
[2026-01-06T12:55:40.533+0000] {standard_task_runner.py:107} ERROR - Failed to execute job 3 for task fetch_meteo_logs (No module named 'meteo_script'; 53)
[2026-01-06T12:55:40.569+0000] {local_task_job_runner.py:234} INFO - Task exited with return code 1
[2026-01-06T12:55:40.582+0000] {taskinstance.py:3280} INFO - 0 downstream tasks scheduled from follow-on schedule check
